<?xml version="1.0" encoding="UTF-8"?>
<!-- Generated by org.testng.reporters.JUnitReportReporter -->
<testsuite skipped="0" hostname="srini-PC" name="testIng.org.india.App" tests="1" failures="0" timestamp="22 Aug 2019 06:39:07 GMT" time="68.355" errors="0">
  <testcase name="tc1" time="68.355" classname="testIng.org.india.App"/>
</testsuite> <!-- testIng.org.india.App -->
